d:\work_xing\project\eview-server\cmake-temp\server\pkmqttforwardserver\pkmqttforwardserver.dir\relwithdebinfo\md5.obj
d:\work_xing\project\eview-server\cmake-temp\server\pkmqttforwardserver\pkmqttforwardserver.dir\relwithdebinfo\mqttforwardserver.obj
d:\work_xing\project\eview-server\cmake-temp\server\pkmqttforwardserver\pkmqttforwardserver.dir\relwithdebinfo\maintask.obj
d:\work_xing\project\eview-server\cmake-temp\server\pkmqttforwardserver\pkmqttforwardserver.dir\relwithdebinfo\mqttimpl.obj
d:\work_xing\project\eview-server\cmake-temp\server\pkmqttforwardserver\pkmqttforwardserver.dir\relwithdebinfo\vc120.pdb
d:\work_xing\project\eview-server\cmake-temp\server\pkmqttforwardserver\cmakefiles\generate.stamp
c:\eview-server\bin\pkmqttforwardserver.ilk
c:\eview-server\bin\pkmqttforwardserver.exe
d:\work_xing\project\eview-server\bin\pkmqttforwardserver.pdb
d:\work_xing\project\eview-server\cmake-temp\server\pkmqttforwardserver\pkmqttforwardserver.dir\relwithdebinfo\version.res
d:\work_xing\project\eview-server\cmake-temp\server\pkmqttforwardserver\pkmqttforwardserver.dir\relwithdebinfo\pkmqttfo.726cbe80.tlog\cl.command.1.tlog
d:\work_xing\project\eview-server\cmake-temp\server\pkmqttforwardserver\pkmqttforwardserver.dir\relwithdebinfo\pkmqttfo.726cbe80.tlog\cl.read.1.tlog
d:\work_xing\project\eview-server\cmake-temp\server\pkmqttforwardserver\pkmqttforwardserver.dir\relwithdebinfo\pkmqttfo.726cbe80.tlog\cl.write.1.tlog
d:\work_xing\project\eview-server\cmake-temp\server\pkmqttforwardserver\pkmqttforwardserver.dir\relwithdebinfo\pkmqttfo.726cbe80.tlog\custombuild.command.1.tlog
d:\work_xing\project\eview-server\cmake-temp\server\pkmqttforwardserver\pkmqttforwardserver.dir\relwithdebinfo\pkmqttfo.726cbe80.tlog\custombuild.read.1.tlog
d:\work_xing\project\eview-server\cmake-temp\server\pkmqttforwardserver\pkmqttforwardserver.dir\relwithdebinfo\pkmqttfo.726cbe80.tlog\custombuild.write.1.tlog
d:\work_xing\project\eview-server\cmake-temp\server\pkmqttforwardserver\pkmqttforwardserver.dir\relwithdebinfo\pkmqttfo.726cbe80.tlog\link.command.1.tlog
d:\work_xing\project\eview-server\cmake-temp\server\pkmqttforwardserver\pkmqttforwardserver.dir\relwithdebinfo\pkmqttfo.726cbe80.tlog\link.read.1.tlog
d:\work_xing\project\eview-server\cmake-temp\server\pkmqttforwardserver\pkmqttforwardserver.dir\relwithdebinfo\pkmqttfo.726cbe80.tlog\link.write.1.tlog
d:\work_xing\project\eview-server\cmake-temp\server\pkmqttforwardserver\pkmqttforwardserver.dir\relwithdebinfo\pkmqttfo.726cbe80.tlog\rc.command.1.tlog
d:\work_xing\project\eview-server\cmake-temp\server\pkmqttforwardserver\pkmqttforwardserver.dir\relwithdebinfo\pkmqttfo.726cbe80.tlog\rc.read.1.tlog
d:\work_xing\project\eview-server\cmake-temp\server\pkmqttforwardserver\pkmqttforwardserver.dir\relwithdebinfo\pkmqttfo.726cbe80.tlog\rc.write.1.tlog
