生成启动时间为 2021/7/11 10:00:16。
     1>项目“D:\work_xing\project\eview-server\cmake-temp\server\pkmqttforwardserver\pkmqttforwardserver.vcxproj”在节点 3 上(Rebuild 个目标)。
     1>CustomBuild:
         Building Custom Rule D:/work_xing/project/eview-server/source/server/pkmqttforwardserver/CMakeLists.txt
         CMake does not need to re-run because D:\work_xing\project\eview-server\cmake-temp\server\pkmqttforwardserver\CMakeFiles\generate.stamp is up-to-date.
       ClCompile:
         C:\Program Files (x86)\Microsoft Visual Studio 12.0\VC\bin\x86_amd64\CL.exe /c /I"D:\work_xing\project\eview-server\source\server\pkmqttforwardserver\include" /I"D:\work_xing\project\eview-server\source\..\include" /Zi /nologo /W3 /WX- /MP /Od /Ob1 /D WIN32 /D _WINDOWS /D _CRT_SECURE_NO_WARNINGS /D BOOST_NO_USER_CONFIG /D "CMAKE_INTDIR=\"RelWithDebInfo\"" /D _MBCS /Gm- /EHsc /MD /GS /fp:precise /Zc:wchar_t /Zc:forScope /GR /Fo"pkmqttforwardserver.dir\RelWithDebInfo\\" /Fd"pkmqttforwardserver.dir\RelWithDebInfo\vc120.pdb" /Gd /TP /errorReport:prompt "D:\work_xing\project\eview-server\source\server\pkmqttforwardserver\MainTask.cpp" "D:\work_xing\project\eview-server\source\server\pkmqttforwardserver\MqttForwardServer.cpp" "D:\work_xing\project\eview-server\source\server\pkmqttforwardserver\md5.cpp" "D:\work_xing\project\eview-server\source\server\pkmqttforwardserver\mqttImpl.cpp"
         MainTask.cpp
         MqttForwardServer.cpp
         md5.cpp
         mqttImpl.cpp
     1>D:\work_xing\project\eview-server\source\server\pkmqttforwardserver\md5.cpp(265): warning C4996: 'strdup': The POSIX name for this item is deprecated. Instead, use the ISO C++ conformant name: _strdup. See online help for details.
                 C:\Program Files (x86)\Microsoft Visual Studio 12.0\VC\include\string.h(245) : 参见“strdup”的声明
     1>D:\work_xing\project\eview-server\include\ace/OS_NS_string.inl(222): warning C4996: 'strdup': The POSIX name for this item is deprecated. Instead, use the ISO C++ conformant name: _strdup. See online help for details. (D:\work_xing\project\eview-server\source\server\pkmqttforwardserver\MainTask.cpp)
                 C:\Program Files (x86)\Microsoft Visual Studio 12.0\VC\include\string.h(245) : 参见“strdup”的声明
     1>D:\work_xing\project\eview-server\include\ace/OS_NS_string.inl(222): warning C4996: 'strdup': The POSIX name for this item is deprecated. Instead, use the ISO C++ conformant name: _strdup. See online help for details. (D:\work_xing\project\eview-server\source\server\pkmqttforwardserver\MqttForwardServer.cpp)
                 C:\Program Files (x86)\Microsoft Visual Studio 12.0\VC\include\string.h(245) : 参见“strdup”的声明
     1>D:\work_xing\project\eview-server\include\ace/OS_NS_string.inl(222): warning C4996: 'strdup': The POSIX name for this item is deprecated. Instead, use the ISO C++ conformant name: _strdup. See online help for details. (D:\work_xing\project\eview-server\source\server\pkmqttforwardserver\mqttImpl.cpp)
                 C:\Program Files (x86)\Microsoft Visual Studio 12.0\VC\include\string.h(245) : 参见“strdup”的声明
     1>D:\work_xing\project\eview-server\include\ace/OS_NS_stdlib.inl(340): warning C4996: 'putenv': The POSIX name for this item is deprecated. Instead, use the ISO C++ conformant name: _putenv. See online help for details. (D:\work_xing\project\eview-server\source\server\pkmqttforwardserver\MqttForwardServer.cpp)
                 C:\Program Files (x86)\Microsoft Visual Studio 12.0\VC\include\stdlib.h(941) : 参见“putenv”的声明
     1>D:\work_xing\project\eview-server\include\ace/OS_NS_stdlib.inl(340): warning C4996: 'putenv': The POSIX name for this item is deprecated. Instead, use the ISO C++ conformant name: _putenv. See online help for details. (D:\work_xing\project\eview-server\source\server\pkmqttforwardserver\MainTask.cpp)
                 C:\Program Files (x86)\Microsoft Visual Studio 12.0\VC\include\stdlib.h(941) : 参见“putenv”的声明
     1>D:\work_xing\project\eview-server\include\ace/OS_NS_unistd.inl(60): warning C4996: 'access': The POSIX name for this item is deprecated. Instead, use the ISO C++ conformant name: _access. See online help for details. (D:\work_xing\project\eview-server\source\server\pkmqttforwardserver\MainTask.cpp)
                 C:\Program Files (x86)\Microsoft Visual Studio 12.0\VC\include\io.h(323) : 参见“access”的声明
     1>D:\work_xing\project\eview-server\include\ace/OS_NS_unistd.inl(131): warning C4996: 'chdir': The POSIX name for this item is deprecated. Instead, use the ISO C++ conformant name: _chdir. See online help for details. (D:\work_xing\project\eview-server\source\server\pkmqttforwardserver\MainTask.cpp)
                 C:\Program Files (x86)\Microsoft Visual Studio 12.0\VC\include\direct.h(136) : 参见“chdir”的声明
     1>D:\work_xing\project\eview-server\include\ace/OS_NS_unistd.inl(158): warning C4996: 'rmdir': The POSIX name for this item is deprecated. Instead, use the ISO C++ conformant name: _rmdir. See online help for details. (D:\work_xing\project\eview-server\source\server\pkmqttforwardserver\MainTask.cpp)
                 C:\Program Files (x86)\Microsoft Visual Studio 12.0\VC\include\direct.h(141) : 参见“rmdir”的声明
     1>D:\work_xing\project\eview-server\include\ace/OS_NS_unistd.inl(409): warning C4996: 'getcwd': The POSIX name for this item is deprecated. Instead, use the ISO C++ conformant name: _getcwd. See online help for details. (D:\work_xing\project\eview-server\source\server\pkmqttforwardserver\MainTask.cpp)
                 C:\Program Files (x86)\Microsoft Visual Studio 12.0\VC\include\direct.h(130) : 参见“getcwd”的声明
     1>D:\work_xing\project\eview-server\include\ace/OS_NS_unistd.inl(1014): warning C4996: 'swab': The POSIX name for this item is deprecated. Instead, use the ISO C++ conformant name: _swab. See online help for details. (D:\work_xing\project\eview-server\source\server\pkmqttforwardserver\MainTask.cpp)
                 C:\Program Files (x86)\Microsoft Visual Studio 12.0\VC\include\stdlib.h(944) : 参见“swab”的声明
     1>D:\work_xing\project\eview-server\include\ace/OS_NS_unistd.inl(1169): warning C4996: 'unlink': The POSIX name for this item is deprecated. Instead, use the ISO C++ conformant name: _unlink. See online help for details. (D:\work_xing\project\eview-server\source\server\pkmqttforwardserver\MainTask.cpp)
                 C:\Program Files (x86)\Microsoft Visual Studio 12.0\VC\include\stdio.h(278) : 参见“unlink”的声明
     1>D:\work_xing\project\eview-server\include\ace/OS_NS_sys_stat.inl(154): warning C4996: 'mkdir': The POSIX name for this item is deprecated. Instead, use the ISO C++ conformant name: _mkdir. See online help for details. (D:\work_xing\project\eview-server\source\server\pkmqttforwardserver\MainTask.cpp)
                 C:\Program Files (x86)\Microsoft Visual Studio 12.0\VC\include\direct.h(140) : 参见“mkdir”的声明
     1>D:\work_xing\project\eview-server\include\ace/OS_NS_stdio.inl(887): warning C4996: 'tempnam': The POSIX name for this item is deprecated. Instead, use the ISO C++ conformant name: _tempnam. See online help for details. (D:\work_xing\project\eview-server\source\server\pkmqttforwardserver\MainTask.cpp)
                 C:\Program Files (x86)\Microsoft Visual Studio 12.0\VC\include\stdio.h(709) : 参见“tempnam”的声明
     1>D:\work_xing\project\eview-server\include\ace/OS_NS_unistd.inl(60): warning C4996: 'access': The POSIX name for this item is deprecated. Instead, use the ISO C++ conformant name: _access. See online help for details. (D:\work_xing\project\eview-server\source\server\pkmqttforwardserver\MqttForwardServer.cpp)
                 C:\Program Files (x86)\Microsoft Visual Studio 12.0\VC\include\io.h(323) : 参见“access”的声明
     1>D:\work_xing\project\eview-server\include\ace/OS_NS_unistd.inl(131): warning C4996: 'chdir': The POSIX name for this item is deprecated. Instead, use the ISO C++ conformant name: _chdir. See online help for details. (D:\work_xing\project\eview-server\source\server\pkmqttforwardserver\MqttForwardServer.cpp)
                 C:\Program Files (x86)\Microsoft Visual Studio 12.0\VC\include\direct.h(136) : 参见“chdir”的声明
     1>D:\work_xing\project\eview-server\include\ace/OS_NS_unistd.inl(158): warning C4996: 'rmdir': The POSIX name for this item is deprecated. Instead, use the ISO C++ conformant name: _rmdir. See online help for details. (D:\work_xing\project\eview-server\source\server\pkmqttforwardserver\MqttForwardServer.cpp)
                 C:\Program Files (x86)\Microsoft Visual Studio 12.0\VC\include\direct.h(141) : 参见“rmdir”的声明
     1>D:\work_xing\project\eview-server\include\ace/OS_NS_unistd.inl(409): warning C4996: 'getcwd': The POSIX name for this item is deprecated. Instead, use the ISO C++ conformant name: _getcwd. See online help for details. (D:\work_xing\project\eview-server\source\server\pkmqttforwardserver\MqttForwardServer.cpp)
                 C:\Program Files (x86)\Microsoft Visual Studio 12.0\VC\include\direct.h(130) : 参见“getcwd”的声明
     1>D:\work_xing\project\eview-server\include\ace/OS_NS_stdlib.inl(340): warning C4996: 'putenv': The POSIX name for this item is deprecated. Instead, use the ISO C++ conformant name: _putenv. See online help for details. (D:\work_xing\project\eview-server\source\server\pkmqttforwardserver\mqttImpl.cpp)
                 C:\Program Files (x86)\Microsoft Visual Studio 12.0\VC\include\stdlib.h(941) : 参见“putenv”的声明
     1>D:\work_xing\project\eview-server\include\ace/OS_NS_unistd.inl(1014): warning C4996: 'swab': The POSIX name for this item is deprecated. Instead, use the ISO C++ conformant name: _swab. See online help for details. (D:\work_xing\project\eview-server\source\server\pkmqttforwardserver\MqttForwardServer.cpp)
                 C:\Program Files (x86)\Microsoft Visual Studio 12.0\VC\include\stdlib.h(944) : 参见“swab”的声明
     1>D:\work_xing\project\eview-server\include\ace/OS_NS_unistd.inl(1169): warning C4996: 'unlink': The POSIX name for this item is deprecated. Instead, use the ISO C++ conformant name: _unlink. See online help for details. (D:\work_xing\project\eview-server\source\server\pkmqttforwardserver\MqttForwardServer.cpp)
                 C:\Program Files (x86)\Microsoft Visual Studio 12.0\VC\include\io.h(213) : 参见“unlink”的声明
     1>D:\work_xing\project\eview-server\include\ace/OS_NS_unistd.inl(60): warning C4996: 'access': The POSIX name for this item is deprecated. Instead, use the ISO C++ conformant name: _access. See online help for details. (D:\work_xing\project\eview-server\source\server\pkmqttforwardserver\mqttImpl.cpp)
                 C:\Program Files (x86)\Microsoft Visual Studio 12.0\VC\include\io.h(323) : 参见“access”的声明
     1>D:\work_xing\project\eview-server\include\ace/OS_NS_unistd.inl(131): warning C4996: 'chdir': The POSIX name for this item is deprecated. Instead, use the ISO C++ conformant name: _chdir. See online help for details. (D:\work_xing\project\eview-server\source\server\pkmqttforwardserver\mqttImpl.cpp)
                 C:\Program Files (x86)\Microsoft Visual Studio 12.0\VC\include\direct.h(136) : 参见“chdir”的声明
     1>D:\work_xing\project\eview-server\include\ace/OS_NS_unistd.inl(158): warning C4996: 'rmdir': The POSIX name for this item is deprecated. Instead, use the ISO C++ conformant name: _rmdir. See online help for details. (D:\work_xing\project\eview-server\source\server\pkmqttforwardserver\mqttImpl.cpp)
                 C:\Program Files (x86)\Microsoft Visual Studio 12.0\VC\include\direct.h(141) : 参见“rmdir”的声明
     1>D:\work_xing\project\eview-server\include\ace/OS_NS_unistd.inl(409): warning C4996: 'getcwd': The POSIX name for this item is deprecated. Instead, use the ISO C++ conformant name: _getcwd. See online help for details. (D:\work_xing\project\eview-server\source\server\pkmqttforwardserver\mqttImpl.cpp)
                 C:\Program Files (x86)\Microsoft Visual Studio 12.0\VC\include\direct.h(130) : 参见“getcwd”的声明
     1>D:\work_xing\project\eview-server\include\ace/OS_NS_unistd.inl(1014): warning C4996: 'swab': The POSIX name for this item is deprecated. Instead, use the ISO C++ conformant name: _swab. See online help for details. (D:\work_xing\project\eview-server\source\server\pkmqttforwardserver\mqttImpl.cpp)
                 C:\Program Files (x86)\Microsoft Visual Studio 12.0\VC\include\stdlib.h(944) : 参见“swab”的声明
     1>D:\work_xing\project\eview-server\include\ace/OS_NS_unistd.inl(1169): warning C4996: 'unlink': The POSIX name for this item is deprecated. Instead, use the ISO C++ conformant name: _unlink. See online help for details. (D:\work_xing\project\eview-server\source\server\pkmqttforwardserver\mqttImpl.cpp)
                 C:\Program Files (x86)\Microsoft Visual Studio 12.0\VC\include\stdio.h(278) : 参见“unlink”的声明
     1>D:\work_xing\project\eview-server\include\ace/OS_NS_sys_stat.inl(154): warning C4996: 'mkdir': The POSIX name for this item is deprecated. Instead, use the ISO C++ conformant name: _mkdir. See online help for details. (D:\work_xing\project\eview-server\source\server\pkmqttforwardserver\MqttForwardServer.cpp)
                 C:\Program Files (x86)\Microsoft Visual Studio 12.0\VC\include\direct.h(140) : 参见“mkdir”的声明
     1>D:\work_xing\project\eview-server\include\ace/OS_NS_sys_stat.inl(154): warning C4996: 'mkdir': The POSIX name for this item is deprecated. Instead, use the ISO C++ conformant name: _mkdir. See online help for details. (D:\work_xing\project\eview-server\source\server\pkmqttforwardserver\mqttImpl.cpp)
                 C:\Program Files (x86)\Microsoft Visual Studio 12.0\VC\include\direct.h(140) : 参见“mkdir”的声明
     1>D:\work_xing\project\eview-server\include\ace/OS_NS_stdio.inl(887): warning C4996: 'tempnam': The POSIX name for this item is deprecated. Instead, use the ISO C++ conformant name: _tempnam. See online help for details. (D:\work_xing\project\eview-server\source\server\pkmqttforwardserver\MqttForwardServer.cpp)
                 C:\Program Files (x86)\Microsoft Visual Studio 12.0\VC\include\stdio.h(709) : 参见“tempnam”的声明
     1>D:\work_xing\project\eview-server\include\ace/OS_NS_stdio.inl(887): warning C4996: 'tempnam': The POSIX name for this item is deprecated. Instead, use the ISO C++ conformant name: _tempnam. See online help for details. (D:\work_xing\project\eview-server\source\server\pkmqttforwardserver\mqttImpl.cpp)
                 C:\Program Files (x86)\Microsoft Visual Studio 12.0\VC\include\stdio.h(709) : 参见“tempnam”的声明
     1>D:\work_xing\project\eview-server\source\server\pkmqttforwardserver\mqttImpl.cpp(192): warning C4267: “return”: 从“size_t”转换到“int”，可能丢失数据
     1>D:\work_xing\project\eview-server\include\pkmemdbapi/pkmemdbapi.h(184): warning C4267: “初始化”: 从“size_t”转换到“int”，可能丢失数据 (D:\work_xing\project\eview-server\source\server\pkmqttforwardserver\MqttForwardServer.cpp)
     1>D:\work_xing\project\eview-server\include\pkmemdbapi/pkmemdbapi.h(198): warning C4267: “=”: 从“size_t”转换到“int”，可能丢失数据 (D:\work_xing\project\eview-server\source\server\pkmqttforwardserver\MqttForwardServer.cpp)
     1>D:\work_xing\project\eview-server\include\pkmemdbapi/pkmemdbapi.h(184): warning C4267: “初始化”: 从“size_t”转换到“int”，可能丢失数据 (D:\work_xing\project\eview-server\source\server\pkmqttforwardserver\MainTask.cpp)
     1>D:\work_xing\project\eview-server\include\pkmemdbapi/pkmemdbapi.h(198): warning C4267: “=”: 从“size_t”转换到“int”，可能丢失数据 (D:\work_xing\project\eview-server\source\server\pkmqttforwardserver\MainTask.cpp)
     1>D:\work_xing\project\eview-server\include\pkdata/pkdata.h(51): warning C4018: “<=”: 有符号/无符号不匹配 (D:\work_xing\project\eview-server\source\server\pkmqttforwardserver\MqttForwardServer.cpp)
     1>D:\work_xing\project\eview-server\include\pkdata/pkdata.h(51): warning C4018: “<=”: 有符号/无符号不匹配 (D:\work_xing\project\eview-server\source\server\pkmqttforwardserver\MainTask.cpp)
     1>D:\work_xing\project\eview-server\source\server\pkmqttforwardserver\MainTask.cpp(188): warning C4267: “参数”: 从“size_t”转换到“int”，可能丢失数据
     1>D:\work_xing\project\eview-server\source\server\pkmqttforwardserver\MainTask.cpp(208): warning C4244: “参数”: 从“time_t”转换到“long”，可能丢失数据
     1>D:\work_xing\project\eview-server\source\server\pkmqttforwardserver\MainTask.cpp(355): warning C4267: “参数”: 从“size_t”转换到“int”，可能丢失数据
     1>D:\work_xing\project\eview-server\source\server\pkmqttforwardserver\MainTask.cpp(611): warning C4267: “参数”: 从“size_t”转换到“int”，可能丢失数据
     1>D:\work_xing\project\eview-server\source\server\pkmqttforwardserver\MainTask.cpp(756): warning C4244: “初始化”: 从“double”转换到“int”，可能丢失数据
       ResourceCompile:
         C:\Program Files (x86)\Windows Kits\8.1\bin\x86\rc.exe /D WIN32 /D _WINDOWS /D _CRT_SECURE_NO_WARNINGS /D BOOST_NO_USER_CONFIG /D "CMAKE_INTDIR=\\\"RelWithDebInfo\\\"" /l"0x0409" /I"D:\work_xing\project\eview-server\source\server\pkmqttforwardserver\include" /I"D:\work_xing\project\eview-server\source\..\include" /nologo /fo"pkmqttforwardserver.dir\RelWithDebInfo\version.res" D:\work_xing\project\eview-server\cmake-temp\server\pkmqttforwardserver\version.rc 
       Link:
         C:\Program Files (x86)\Microsoft Visual Studio 12.0\VC\bin\x86_amd64\link.exe /ERRORREPORT:PROMPT /OUT:"C:\eview-server\bin\pkmqttforwardserver.exe" /INCREMENTAL /NOLOGO /LIBPATH:"D:/work_xing/project/eview-server/source/../lib" /LIBPATH:"D:/work_xing/project/eview-server/source/../lib/RelWithDebInfo" /LIBPATH:"D:/work_xing/project/eview-server/source/../bin" /LIBPATH:"D:/work_xing/project/eview-server/source/../bin/RelWithDebInfo" kernel32.lib user32.lib gdi32.lib winspool.lib shell32.lib ole32.lib oleaut32.lib uuid.lib comdlg32.lib advapi32.lib pkce.lib pklog.lib pkcomm.lib "D:\work_xing\project\eview-server\lib\rmapi.lib" pkserverbase.lib jsoncpp.lib redisproxy.lib shmqueue.lib mosquitto.lib pkdbapi.lib "D:\work_xing\project\eview-server\lib\pkeviewdbapi.lib" pkmemdbapi.lib "D:\work_xing\project\eview-server\lib\pkdata.lib" pkcrashdump.lib exceptionreport.lib dbghelp.lib pkce.lib pklog.lib pkcomm.lib jsoncpp.lib pkmemdbapi.lib pkcrashdump.lib exceptionreport.lib dbghelp.lib /MANIFEST /MANIFESTUAC:"level='asInvoker' uiAccess='false'" /manifest:embed /DEBUG /PDB:"D:/work_xing/project/eview-server/bin/pkmqttforwardserver.pdb" /SUBSYSTEM:CONSOLE /TLBID:1 /DYNAMICBASE /NXCOMPAT /IMPLIB:"D:/work_xing/project/eview-server/lib/pkmqttforwardserver.lib" /MACHINE:X64  /machine:x64 pkmqttforwardserver.dir\RelWithDebInfo\version.res
         pkmqttforwardserver.dir\RelWithDebInfo\MainTask.obj
         pkmqttforwardserver.dir\RelWithDebInfo\MqttForwardServer.obj
         pkmqttforwardserver.dir\RelWithDebInfo\md5.obj
         pkmqttforwardserver.dir\RelWithDebInfo\mqttImpl.obj
     1>jsoncpp.lib(json_reader.obj) : warning LNK4099: 未找到 PDB“vc120.pdb”(使用“jsoncpp.lib(json_reader.obj)”或在“D:\work_xing\project\eview-server\bin\vc120.pdb”中寻找)；正在链接对象，如同没有调试信息一样
     1>jsoncpp.lib(json_value.obj) : warning LNK4099: 未找到 PDB“vc120.pdb”(使用“jsoncpp.lib(json_value.obj)”或在“D:\work_xing\project\eview-server\bin\vc120.pdb”中寻找)；正在链接对象，如同没有调试信息一样
     1>jsoncpp.lib(json_writer.obj) : warning LNK4099: 未找到 PDB“vc120.pdb”(使用“jsoncpp.lib(json_writer.obj)”或在“D:\work_xing\project\eview-server\bin\vc120.pdb”中寻找)；正在链接对象，如同没有调试信息一样
         pkmqttforwardserver.vcxproj -> C:\eview-server\bin\pkmqttforwardserver.exe
     1>已完成生成项目“D:\work_xing\project\eview-server\cmake-temp\server\pkmqttforwardserver\pkmqttforwardserver.vcxproj”(Rebuild 个目标)的操作。

生成成功。

已用时间 00:00:01.53
