d:\work_xing\project\eview-server\cmake-temp\driversdk\pkdrvcmn\pkdrvcmn.dir\relwithdebinfo\pkdrivercommon.obj
d:\work_xing\project\eview-server\cmake-temp\driversdk\pkdrvcmn\pkdrvcmn.dir\relwithdebinfo\taskgroup.obj
d:\work_xing\project\eview-server\cmake-temp\driversdk\pkdrvcmn\pkdrvcmn.dir\relwithdebinfo\dll_main.obj
d:\work_xing\project\eview-server\cmake-temp\driversdk\pkdrvcmn\pkdrvcmn.dir\relwithdebinfo\pythonhelper.obj
d:\work_xing\project\eview-server\cmake-temp\driversdk\pkdrvcmn\pkdrvcmn.dir\relwithdebinfo\usertimer.obj
d:\work_xing\project\eview-server\cmake-temp\driversdk\pkdrvcmn\pkdrvcmn.dir\relwithdebinfo\byteorder.obj
d:\work_xing\project\eview-server\cmake-temp\driversdk\pkdrvcmn\pkdrvcmn.dir\relwithdebinfo\device.obj
d:\work_xing\project\eview-server\cmake-temp\driversdk\pkdrvcmn\pkdrvcmn.dir\relwithdebinfo\maintask.obj
d:\work_xing\project\eview-server\cmake-temp\driversdk\pkdrvcmn\pkdrvcmn.dir\relwithdebinfo\driver.obj
d:\work_xing\project\eview-server\cmake-temp\driversdk\pkdrvcmn\pkdrvcmn.dir\relwithdebinfo\drvframework.obj
d:\work_xing\project\eview-server\cmake-temp\driversdk\pkdrvcmn\pkdrvcmn.dir\relwithdebinfo\pythonerr.obj
d:\work_xing\project\eview-server\cmake-temp\driversdk\pkdrvcmn\pkdrvcmn.dir\relwithdebinfo\globalobj.obj
d:\work_xing\project\eview-server\cmake-temp\driversdk\pkdrvcmn\pkdrvcmn.dir\relwithdebinfo\vc120.pdb
d:\work_xing\project\eview-server\cmake-temp\driversdk\pkdrvcmn\cmakefiles\generate.stamp
d:\work_xing\project\eview-server\bin\pkdrvcmn.ilk
d:\work_xing\project\eview-server\bin\pkdrvcmn.dll
d:\work_xing\project\eview-server\bin\pkdrvcmn.pdb
d:\work_xing\project\eview-server\lib\pkdrvcmn.lib
d:\work_xing\project\eview-server\lib\pkdrvcmn.exp
d:\work_xing\project\eview-server\cmake-temp\driversdk\pkdrvcmn\pkdrvcmn.dir\relwithdebinfo\version.res
d:\work_xing\project\eview-server\cmake-temp\driversdk\pkdrvcmn\pkdrvcmn.dir\relwithdebinfo\pkdrvcmn.tlog\cl.command.1.tlog
d:\work_xing\project\eview-server\cmake-temp\driversdk\pkdrvcmn\pkdrvcmn.dir\relwithdebinfo\pkdrvcmn.tlog\cl.read.1.tlog
d:\work_xing\project\eview-server\cmake-temp\driversdk\pkdrvcmn\pkdrvcmn.dir\relwithdebinfo\pkdrvcmn.tlog\cl.write.1.tlog
d:\work_xing\project\eview-server\cmake-temp\driversdk\pkdrvcmn\pkdrvcmn.dir\relwithdebinfo\pkdrvcmn.tlog\custombuild.command.1.tlog
d:\work_xing\project\eview-server\cmake-temp\driversdk\pkdrvcmn\pkdrvcmn.dir\relwithdebinfo\pkdrvcmn.tlog\custombuild.read.1.tlog
d:\work_xing\project\eview-server\cmake-temp\driversdk\pkdrvcmn\pkdrvcmn.dir\relwithdebinfo\pkdrvcmn.tlog\custombuild.write.1.tlog
d:\work_xing\project\eview-server\cmake-temp\driversdk\pkdrvcmn\pkdrvcmn.dir\relwithdebinfo\pkdrvcmn.tlog\link.command.1.tlog
d:\work_xing\project\eview-server\cmake-temp\driversdk\pkdrvcmn\pkdrvcmn.dir\relwithdebinfo\pkdrvcmn.tlog\link.read.1.tlog
d:\work_xing\project\eview-server\cmake-temp\driversdk\pkdrvcmn\pkdrvcmn.dir\relwithdebinfo\pkdrvcmn.tlog\link.write.1.tlog
d:\work_xing\project\eview-server\cmake-temp\driversdk\pkdrvcmn\pkdrvcmn.dir\relwithdebinfo\pkdrvcmn.tlog\pkdrvcmn.write.1u.tlog
d:\work_xing\project\eview-server\cmake-temp\driversdk\pkdrvcmn\pkdrvcmn.dir\relwithdebinfo\pkdrvcmn.tlog\rc.command.1.tlog
d:\work_xing\project\eview-server\cmake-temp\driversdk\pkdrvcmn\pkdrvcmn.dir\relwithdebinfo\pkdrvcmn.tlog\rc.read.1.tlog
d:\work_xing\project\eview-server\cmake-temp\driversdk\pkdrvcmn\pkdrvcmn.dir\relwithdebinfo\pkdrvcmn.tlog\rc.write.1.tlog
