生成启动时间为 2021/7/11 10:00:14。
     1>项目“D:\work_xing\project\eview-server\cmake-temp\ZERO_CHECK.vcxproj”在节点 2 上(Rebuild 个目标)。
     1>CustomBuild:
         Checking Build System
         CMake does not need to re-run because D:/work_xing/project/eview-server/cmake-temp/CMakeFiles/generate.stamp is up-to-date.
         CMake does not need to re-run because D:/work_xing/project/eview-server/cmake-temp/common/CMakeFiles/generate.stamp is up-to-date.
         CMake does not need to re-run because D:/work_xing/project/eview-server/cmake-temp/driversdk/CMakeFiles/generate.stamp is up-to-date.
         CMake does not need to re-run because D:/work_xing/project/eview-server/cmake-temp/server/CMakeFiles/generate.stamp is up-to-date.
         CMake does not need to re-run because D:/work_xing/project/eview-server/cmake-temp/common/eviewcomm/CMakeFiles/generate.stamp is up-to-date.
         CMake does not need to re-run because D:/work_xing/project/eview-server/cmake-temp/common/pkiobuffer/CMakeFiles/generate.stamp is up-to-date.
         CMake does not need to re-run because D:/work_xing/project/eview-server/cmake-temp/common/redundancy/CMakeFiles/generate.stamp is up-to-date.
         CMake does not need to re-run because D:/work_xing/project/eview-server/cmake-temp/common/pkdata/CMakeFiles/generate.stamp is up-to-date.
         CMake does not need to re-run because D:/work_xing/project/eview-server/cmake-temp/common/exprcalc/CMakeFiles/generate.stamp is up-to-date.
         CMake does not need to re-run because D:/work_xing/project/eview-server/cmake-temp/common/pkeviewdbapi/CMakeFiles/generate.stamp is up-to-date.
         CMake does not need to re-run because D:/work_xing/project/eview-server/cmake-temp/common/servermgrcfggen/CMakeFiles/generate.stamp is up-to-date.
         CMake does not need to re-run because D:/work_xing/project/eview-server/cmake-temp/common/servermgrprocstatus2memdb/CMakeFiles/generate.stamp is up-to-date.
         CMake does not need to re-run because D:/work_xing/project/eview-server/cmake-temp/common/pydata/CMakeFiles/generate.stamp is up-to-date.
         CMake does not need to re-run because D:/work_xing/project/eview-server/cmake-temp/common/redundancy/rmapi/CMakeFiles/generate.stamp is up-to-date.
         CMake does not need to re-run because D:/work_xing/project/eview-server/cmake-temp/driversdk/iodatasync/CMakeFiles/generate.stamp is up-to-date.
         CMake does not need to re-run because D:/work_xing/project/eview-server/cmake-temp/driversdk/pkdrvcmn/CMakeFiles/generate.stamp is up-to-date.
         CMake does not need to re-run because D:/work_xing/project/eview-server/cmake-temp/driversdk/pydrvhelper/CMakeFiles/generate.stamp is up-to-date.
         CMake does not need to re-run because D:/work_xing/project/eview-server/cmake-temp/driversdk/pkdriver/CMakeFiles/generate.stamp is up-to-date.
         CMake does not need to re-run because D:/work_xing/project/eview-server/cmake-temp/driversdk/iodatasync/iodatasyncimp/CMakeFiles/generate.stamp is up-to-date.
         CMake does not need to re-run because D:/work_xing/project/eview-server/cmake-temp/server/pkmodserver/CMakeFiles/generate.stamp is up-to-date.
         CMake does not need to re-run because D:/work_xing/project/eview-server/cmake-temp/server/link/CMakeFiles/generate.stamp is up-to-date.
         CMake does not need to re-run because D:/work_xing/project/eview-server/cmake-temp/server/pknodeserver/CMakeFiles/generate.stamp is up-to-date.
         CMake does not need to re-run because D:/work_xing/project/eview-server/cmake-temp/server/pkHostService/CMakeFiles/generate.stamp is up-to-date.
         CMake does not need to re-run because D:/work_xing/project/eview-server/cmake-temp/server/pkmqttforwardserver/CMakeFiles/generate.stamp is up-to-date.
         CMake does not need to re-run because D:/work_xing/project/eview-server/cmake-temp/server/pkdbtransferserver/CMakeFiles/generate.stamp is up-to-date.
         CMake does not need to re-run because D:/work_xing/project/eview-server/cmake-temp/server/pkdbtoeviewserver/CMakeFiles/generate.stamp is up-to-date.
         CMake does not need to re-run because D:/work_xing/project/eview-server/cmake-temp/server/pkuppernodeserver/CMakeFiles/generate.stamp is up-to-date.
         CMake does not need to re-run because D:/work_xing/project/eview-server/cmake-temp/server/pksync2uppernodeserver/CMakeFiles/generate.stamp is up-to-date.
         CMake does not need to re-run because D:/work_xing/project/eview-server/cmake-temp/server/pkhisdataserver/CMakeFiles/generate.stamp is up-to-date.
         CMake does not need to re-run because D:/work_xing/project/eview-server/cmake-temp/server/pkmodserver/pkmodbustcplib/CMakeFiles/generate.stamp is up-to-date.
         CMake does not need to re-run because D:/work_xing/project/eview-server/cmake-temp/server/pkmodserver/pkmodserver/CMakeFiles/generate.stamp is up-to-date.
         CMake does not need to re-run because D:/work_xing/project/eview-server/cmake-temp/server/pkmodserver/pkmodbusdata_eview/CMakeFiles/generate.stamp is up-to-date.
         CMake does not need to re-run because D:/work_xing/project/eview-server/cmake-temp/server/pkmodserver/pkmodbusdata_sim/CMakeFiles/generate.stamp is up-to-date.
         CMake does not need to re-run because D:/work_xing/project/eview-server/cmake-temp/server/link/pklinkserver/CMakeFiles/generate.stamp is up-to-date.
         CMake does not need to re-run because D:/work_xing/project/eview-server/cmake-temp/server/link/pklinkact_poppage/CMakeFiles/generate.stamp is up-to-date.
         CMake does not need to re-run because D:/work_xing/project/eview-server/cmake-temp/server/link/pklinkact_writetag_single/CMakeFiles/generate.stamp is up-to-date.
         CMake does not need to re-run because D:/work_xing/project/eview-server/cmake-temp/server/link/pklinkact_writetag_inturn/CMakeFiles/generate.stamp is up-to-date.
         CMake does not need to re-run because D:/work_xing/project/eview-server/cmake-temp/server/link/pklinkact_writetag_multiple/CMakeFiles/generate.stamp is up-to-date.
         CMake does not need to re-run because D:/work_xing/project/eview-server/cmake-temp/server/link/pklinkevt_alarm/CMakeFiles/generate.stamp is up-to-date.
         CMake does not need to re-run because D:/work_xing/project/eview-server/cmake-temp/server/link/pkpyalarm/CMakeFiles/generate.stamp is up-to-date.
     1>已完成生成项目“D:\work_xing\project\eview-server\cmake-temp\ZERO_CHECK.vcxproj”(Rebuild 个目标)的操作。

生成成功。

已用时间 00:00:00.24
