d:\work_xing\project\eview-server\cmake-temp\cmakefiles\generate.stamp
d:\work_xing\project\eview-server\cmake-temp\common\cmakefiles\generate.stamp
d:\work_xing\project\eview-server\cmake-temp\driversdk\cmakefiles\generate.stamp
d:\work_xing\project\eview-server\cmake-temp\server\cmakefiles\generate.stamp
d:\work_xing\project\eview-server\cmake-temp\common\eviewcomm\cmakefiles\generate.stamp
d:\work_xing\project\eview-server\cmake-temp\common\pkiobuffer\cmakefiles\generate.stamp
d:\work_xing\project\eview-server\cmake-temp\common\redundancy\cmakefiles\generate.stamp
d:\work_xing\project\eview-server\cmake-temp\common\pkdata\cmakefiles\generate.stamp
d:\work_xing\project\eview-server\cmake-temp\common\exprcalc\cmakefiles\generate.stamp
d:\work_xing\project\eview-server\cmake-temp\common\pkeviewdbapi\cmakefiles\generate.stamp
d:\work_xing\project\eview-server\cmake-temp\common\servermgrcfggen\cmakefiles\generate.stamp
d:\work_xing\project\eview-server\cmake-temp\common\servermgrprocstatus2memdb\cmakefiles\generate.stamp
d:\work_xing\project\eview-server\cmake-temp\common\pydata\cmakefiles\generate.stamp
d:\work_xing\project\eview-server\cmake-temp\common\redundancy\rmapi\cmakefiles\generate.stamp
d:\work_xing\project\eview-server\cmake-temp\driversdk\iodatasync\cmakefiles\generate.stamp
d:\work_xing\project\eview-server\cmake-temp\driversdk\pkdrvcmn\cmakefiles\generate.stamp
d:\work_xing\project\eview-server\cmake-temp\driversdk\pydrvhelper\cmakefiles\generate.stamp
d:\work_xing\project\eview-server\cmake-temp\driversdk\pkdriver\cmakefiles\generate.stamp
d:\work_xing\project\eview-server\cmake-temp\driversdk\iodatasync\iodatasyncimp\cmakefiles\generate.stamp
d:\work_xing\project\eview-server\cmake-temp\server\pkmodserver\cmakefiles\generate.stamp
d:\work_xing\project\eview-server\cmake-temp\server\link\cmakefiles\generate.stamp
d:\work_xing\project\eview-server\cmake-temp\server\pknodeserver\cmakefiles\generate.stamp
d:\work_xing\project\eview-server\cmake-temp\server\pkhostservice\cmakefiles\generate.stamp
d:\work_xing\project\eview-server\cmake-temp\server\pkmqttforwardserver\cmakefiles\generate.stamp
d:\work_xing\project\eview-server\cmake-temp\server\pkdbtransferserver\cmakefiles\generate.stamp
d:\work_xing\project\eview-server\cmake-temp\server\pkdbtoeviewserver\cmakefiles\generate.stamp
d:\work_xing\project\eview-server\cmake-temp\server\pkuppernodeserver\cmakefiles\generate.stamp
d:\work_xing\project\eview-server\cmake-temp\server\pksync2uppernodeserver\cmakefiles\generate.stamp
d:\work_xing\project\eview-server\cmake-temp\server\pkhisdataserver\cmakefiles\generate.stamp
d:\work_xing\project\eview-server\cmake-temp\server\pkmodserver\pkmodbustcplib\cmakefiles\generate.stamp
d:\work_xing\project\eview-server\cmake-temp\server\pkmodserver\pkmodserver\cmakefiles\generate.stamp
d:\work_xing\project\eview-server\cmake-temp\server\pkmodserver\pkmodbusdata_eview\cmakefiles\generate.stamp
d:\work_xing\project\eview-server\cmake-temp\server\pkmodserver\pkmodbusdata_sim\cmakefiles\generate.stamp
d:\work_xing\project\eview-server\cmake-temp\server\link\pklinkserver\cmakefiles\generate.stamp
d:\work_xing\project\eview-server\cmake-temp\server\link\pklinkact_poppage\cmakefiles\generate.stamp
d:\work_xing\project\eview-server\cmake-temp\server\link\pklinkact_writetag_single\cmakefiles\generate.stamp
d:\work_xing\project\eview-server\cmake-temp\server\link\pklinkact_writetag_inturn\cmakefiles\generate.stamp
d:\work_xing\project\eview-server\cmake-temp\server\link\pklinkact_writetag_multiple\cmakefiles\generate.stamp
d:\work_xing\project\eview-server\cmake-temp\server\link\pklinkevt_alarm\cmakefiles\generate.stamp
d:\work_xing\project\eview-server\cmake-temp\server\link\pkpyalarm\cmakefiles\generate.stamp
d:\work_xing\project\eview-server\cmake-temp\x64\relwithdebinfo\zero_check\zero_check.tlog\custombuild.command.1.tlog
d:\work_xing\project\eview-server\cmake-temp\x64\relwithdebinfo\zero_check\zero_check.tlog\custombuild.read.1.tlog
d:\work_xing\project\eview-server\cmake-temp\x64\relwithdebinfo\zero_check\zero_check.tlog\custombuild.write.1.tlog
