g:\work\project\eview-server\source\driversdk\pkdrvcmn\build\pkdrvcmn.dir\debug\driver.obj
g:\work\project\eview-server\source\driversdk\pkdrvcmn\build\pkdrvcmn.dir\debug\maintask.obj
g:\work\project\eview-server\source\driversdk\pkdrvcmn\build\pkdrvcmn.dir\debug\device.obj
g:\work\project\eview-server\source\driversdk\pkdrvcmn\build\pkdrvcmn.dir\debug\drvframework.obj
g:\work\project\eview-server\source\driversdk\pkdrvcmn\build\pkdrvcmn.dir\debug\pythonerr.obj
g:\work\project\eview-server\source\driversdk\pkdrvcmn\build\pkdrvcmn.dir\debug\dll_main.obj
g:\work\project\eview-server\source\driversdk\pkdrvcmn\build\pkdrvcmn.dir\debug\byteorder.obj
g:\work\project\eview-server\source\driversdk\pkdrvcmn\build\pkdrvcmn.dir\debug\usertimer.obj
g:\work\project\eview-server\source\driversdk\pkdrvcmn\build\pkdrvcmn.dir\debug\pythonhelper.obj
g:\work\project\eview-server\source\driversdk\pkdrvcmn\build\pkdrvcmn.dir\debug\pkdrivercommon.obj
g:\work\project\eview-server\source\driversdk\pkdrvcmn\build\pkdrvcmn.dir\debug\globalobj.obj
g:\work\project\eview-server\source\driversdk\pkdrvcmn\build\pkdrvcmn.dir\debug\taskgroup.obj
g:\work\project\eview-server\source\driversdk\pkdrvcmn\build\pkdrvcmn.dir\debug\vc142.pdb
g:\work\project\eview-server\source\driversdk\pkdrvcmn\build\cmakefiles\generate.stamp
g:\work\project\eview-server\source\driversdk\pkdrvcmn\build\pkdrvcmn.dir\debug\pkdrvcmn.tlog\cl.37412.write.1.tlog
g:\work\project\eview-server\source\driversdk\pkdrvcmn\build\pkdrvcmn.dir\debug\pkdrvcmn.tlog\cl.command.1.tlog
g:\work\project\eview-server\source\driversdk\pkdrvcmn\build\pkdrvcmn.dir\debug\pkdrvcmn.tlog\cl.read.1.tlog
g:\work\project\eview-server\source\driversdk\pkdrvcmn\build\pkdrvcmn.dir\debug\pkdrvcmn.tlog\custombuild.command.1.tlog
g:\work\project\eview-server\source\driversdk\pkdrvcmn\build\pkdrvcmn.dir\debug\pkdrvcmn.tlog\custombuild.read.1.tlog
g:\work\project\eview-server\source\driversdk\pkdrvcmn\build\pkdrvcmn.dir\debug\pkdrvcmn.tlog\custombuild.write.1.tlog
g:\work\project\eview-server\source\driversdk\pkdrvcmn\build\pkdrvcmn.dir\debug\pkdrvcmn.tlog\rc.command.1.tlog
g:\work\project\eview-server\source\driversdk\pkdrvcmn\build\pkdrvcmn.dir\debug\pkdrvcmn.tlog\rc.read.1.tlog
g:\work\project\eview-server\source\driversdk\pkdrvcmn\build\pkdrvcmn.dir\debug\pkdrvcmn.tlog\rc.write.1.tlog
