生成启动时间为 2021/7/6 18:08:53。
     1>项目“D:\work_xing\project\eview-server\cmake-temp\common\eviewcomm\eviewcomm.vcxproj”在节点 3 上(Rebuild 个目标)。
     1>CustomBuild:
         Building Custom Rule D:/work_xing/project/eview-server/source/common/eviewcomm/CMakeLists.txt
         CMake does not need to re-run because D:\work_xing\project\eview-server\cmake-temp\common\eviewcomm\CMakeFiles\generate.stamp is up-to-date.
       ClCompile:
         C:\Program Files (x86)\Microsoft Visual Studio 12.0\VC\bin\x86_amd64\CL.exe /c /I"D:\work_xing\project\eview-server\source\common\eviewcomm\include" /I"D:\work_xing\project\eview-server\source\..\include" /Zi /nologo /W3 /WX- /MP /Od /Ob1 /D WIN32 /D _WINDOWS /D _CRT_SECURE_NO_WARNINGS /D BOOST_NO_USER_CONFIG /D "CMAKE_INTDIR=\"RelWithDebInfo\"" /D _MBCS /Gm- /EHsc /MD /GS /fp:precise /Zc:wchar_t /Zc:forScope /GR /Fo"eviewcomm.dir\RelWithDebInfo\\" /Fd"eviewcomm.dir\RelWithDebInfo\vc120.pdb" /Gd /TP /errorReport:prompt "D:\work_xing\project\eview-server\source\common\eviewcomm\pkMiscHelper.cpp" "D:\work_xing\project\eview-server\source\common\eviewcomm\pkEviewComm.cpp"
         pkMiscHelper.cpp
         pkEviewComm.cpp
     1>D:\work_xing\project\eview-server\include\ace/OS_NS_string.inl(222): warning C4996: 'strdup': The POSIX name for this item is deprecated. Instead, use the ISO C++ conformant name: _strdup. See online help for details. (D:\work_xing\project\eview-server\source\common\eviewcomm\pkMiscHelper.cpp)
                 C:\Program Files (x86)\Microsoft Visual Studio 12.0\VC\include\string.h(245) : 参见“strdup”的声明
     1>D:\work_xing\project\eview-server\include\ace/OS_NS_stdlib.inl(340): warning C4996: 'putenv': The POSIX name for this item is deprecated. Instead, use the ISO C++ conformant name: _putenv. See online help for details. (D:\work_xing\project\eview-server\source\common\eviewcomm\pkMiscHelper.cpp)
                 C:\Program Files (x86)\Microsoft Visual Studio 12.0\VC\include\stdlib.h(941) : 参见“putenv”的声明
     1>D:\work_xing\project\eview-server\include\ace/OS_NS_unistd.inl(60): warning C4996: 'access': The POSIX name for this item is deprecated. Instead, use the ISO C++ conformant name: _access. See online help for details. (D:\work_xing\project\eview-server\source\common\eviewcomm\pkMiscHelper.cpp)
                 C:\Program Files (x86)\Microsoft Visual Studio 12.0\VC\include\io.h(323) : 参见“access”的声明
     1>D:\work_xing\project\eview-server\include\ace/OS_NS_unistd.inl(131): warning C4996: 'chdir': The POSIX name for this item is deprecated. Instead, use the ISO C++ conformant name: _chdir. See online help for details. (D:\work_xing\project\eview-server\source\common\eviewcomm\pkMiscHelper.cpp)
                 C:\Program Files (x86)\Microsoft Visual Studio 12.0\VC\include\direct.h(136) : 参见“chdir”的声明
     1>D:\work_xing\project\eview-server\include\ace/OS_NS_unistd.inl(158): warning C4996: 'rmdir': The POSIX name for this item is deprecated. Instead, use the ISO C++ conformant name: _rmdir. See online help for details. (D:\work_xing\project\eview-server\source\common\eviewcomm\pkMiscHelper.cpp)
                 C:\Program Files (x86)\Microsoft Visual Studio 12.0\VC\include\direct.h(141) : 参见“rmdir”的声明
     1>D:\work_xing\project\eview-server\include\ace/OS_NS_unistd.inl(409): warning C4996: 'getcwd': The POSIX name for this item is deprecated. Instead, use the ISO C++ conformant name: _getcwd. See online help for details. (D:\work_xing\project\eview-server\source\common\eviewcomm\pkMiscHelper.cpp)
                 C:\Program Files (x86)\Microsoft Visual Studio 12.0\VC\include\direct.h(130) : 参见“getcwd”的声明
     1>D:\work_xing\project\eview-server\include\ace/OS_NS_unistd.inl(1014): warning C4996: 'swab': The POSIX name for this item is deprecated. Instead, use the ISO C++ conformant name: _swab. See online help for details. (D:\work_xing\project\eview-server\source\common\eviewcomm\pkMiscHelper.cpp)
                 C:\Program Files (x86)\Microsoft Visual Studio 12.0\VC\include\stdlib.h(944) : 参见“swab”的声明
     1>D:\work_xing\project\eview-server\include\ace/OS_NS_unistd.inl(1169): warning C4996: 'unlink': The POSIX name for this item is deprecated. Instead, use the ISO C++ conformant name: _unlink. See online help for details. (D:\work_xing\project\eview-server\source\common\eviewcomm\pkMiscHelper.cpp)
                 C:\Program Files (x86)\Microsoft Visual Studio 12.0\VC\include\stdio.h(278) : 参见“unlink”的声明
     1>D:\work_xing\project\eview-server\include\ace/OS_NS_sys_stat.inl(154): warning C4996: 'mkdir': The POSIX name for this item is deprecated. Instead, use the ISO C++ conformant name: _mkdir. See online help for details. (D:\work_xing\project\eview-server\source\common\eviewcomm\pkMiscHelper.cpp)
                 C:\Program Files (x86)\Microsoft Visual Studio 12.0\VC\include\direct.h(140) : 参见“mkdir”的声明
     1>D:\work_xing\project\eview-server\include\ace/OS_NS_stdio.inl(887): warning C4996: 'tempnam': The POSIX name for this item is deprecated. Instead, use the ISO C++ conformant name: _tempnam. See online help for details. (D:\work_xing\project\eview-server\source\common\eviewcomm\pkMiscHelper.cpp)
                 C:\Program Files (x86)\Microsoft Visual Studio 12.0\VC\include\stdio.h(709) : 参见“tempnam”的声明
     1>D:\work_xing\project\eview-server\source\common\eviewcomm\pkMiscHelper.cpp(276): warning C4101: “szTemp”: 未引用的局部变量
     1>D:\work_xing\project\eview-server\source\common\eviewcomm\pkMiscHelper.cpp(421): warning C4267: “初始化”: 从“size_t”转换到“int”，可能丢失数据
     1>D:\work_xing\project\eview-server\source\common\eviewcomm\pkMiscHelper.cpp(423): warning C4244: “=”: 从“float”转换到“int”，可能丢失数据
     1>D:\work_xing\project\eview-server\source\common\eviewcomm\pkMiscHelper.cpp(478): warning C4244: “初始化”: 从“double”转换到“float”，可能丢失数据
       Lib:
         C:\Program Files (x86)\Microsoft Visual Studio 12.0\VC\bin\x86_amd64\Lib.exe /OUT:"D:\work_xing\project\eview-server\lib\eviewcomm.lib" /NOLOGO /MACHINE:X64  /machine:x64 /machine:x64 eviewcomm.dir\RelWithDebInfo\pkMiscHelper.obj
         eviewcomm.dir\RelWithDebInfo\pkEviewComm.obj
         eviewcomm.vcxproj -> D:\work_xing\project\eview-server\lib\eviewcomm.lib
     1>已完成生成项目“D:\work_xing\project\eview-server\cmake-temp\common\eviewcomm\eviewcomm.vcxproj”(Rebuild 个目标)的操作。

生成成功。

已用时间 00:00:00.94
