d:\work_xing\project\eview-server\cmake-temp\common\pkdata\pkdata.dir\relwithdebinfo\vc120.pdb
d:\work_xing\project\eview-server\cmake-temp\common\pkdata\pkdata.dir\relwithdebinfo\pkdata.obj
d:\work_xing\project\eview-server\cmake-temp\common\pkdata\cmakefiles\generate.stamp
d:\work_xing\project\eview-server\bin\pkdata.ilk
d:\work_xing\project\eview-server\bin\pkdata.dll
d:\work_xing\project\eview-server\bin\pkdata.pdb
d:\work_xing\project\eview-server\lib\pkdata.lib
d:\work_xing\project\eview-server\lib\pkdata.exp
d:\work_xing\project\eview-server\cmake-temp\common\pkdata\pkdata.dir\relwithdebinfo\version.res
d:\work_xing\project\eview-server\cmake-temp\common\pkdata\pkdata.dir\relwithdebinfo\pkdata.tlog\cl.command.1.tlog
d:\work_xing\project\eview-server\cmake-temp\common\pkdata\pkdata.dir\relwithdebinfo\pkdata.tlog\cl.read.1.tlog
d:\work_xing\project\eview-server\cmake-temp\common\pkdata\pkdata.dir\relwithdebinfo\pkdata.tlog\cl.write.1.tlog
d:\work_xing\project\eview-server\cmake-temp\common\pkdata\pkdata.dir\relwithdebinfo\pkdata.tlog\custombuild.command.1.tlog
d:\work_xing\project\eview-server\cmake-temp\common\pkdata\pkdata.dir\relwithdebinfo\pkdata.tlog\custombuild.read.1.tlog
d:\work_xing\project\eview-server\cmake-temp\common\pkdata\pkdata.dir\relwithdebinfo\pkdata.tlog\custombuild.write.1.tlog
d:\work_xing\project\eview-server\cmake-temp\common\pkdata\pkdata.dir\relwithdebinfo\pkdata.tlog\link.command.1.tlog
d:\work_xing\project\eview-server\cmake-temp\common\pkdata\pkdata.dir\relwithdebinfo\pkdata.tlog\link.read.1.tlog
d:\work_xing\project\eview-server\cmake-temp\common\pkdata\pkdata.dir\relwithdebinfo\pkdata.tlog\link.write.1.tlog
d:\work_xing\project\eview-server\cmake-temp\common\pkdata\pkdata.dir\relwithdebinfo\pkdata.tlog\pkdata.write.1u.tlog
d:\work_xing\project\eview-server\cmake-temp\common\pkdata\pkdata.dir\relwithdebinfo\pkdata.tlog\rc.command.1.tlog
d:\work_xing\project\eview-server\cmake-temp\common\pkdata\pkdata.dir\relwithdebinfo\pkdata.tlog\rc.read.1.tlog
d:\work_xing\project\eview-server\cmake-temp\common\pkdata\pkdata.dir\relwithdebinfo\pkdata.tlog\rc.write.1.tlog
