d:\work_xing\project\eview-server\cmake-temp\server\pknodeserver\pknodeserver.dir\relwithdebinfo\tagexprcalc.obj
d:\work_xing\project\eview-server\cmake-temp\server\pknodeserver\pknodeserver.dir\relwithdebinfo\varcalculator.obj
d:\work_xing\project\eview-server\cmake-temp\server\pknodeserver\pknodeserver.dir\relwithdebinfo\pknodeserver.obj
d:\work_xing\project\eview-server\cmake-temp\server\pknodeserver\pknodeserver.dir\relwithdebinfo\userauthtask.obj
d:\work_xing\project\eview-server\cmake-temp\server\pknodeserver\pknodeserver.dir\relwithdebinfo\alarm2dbtask.obj
d:\work_xing\project\eview-server\cmake-temp\server\pknodeserver\pknodeserver.dir\relwithdebinfo\maintask.obj
d:\work_xing\project\eview-server\cmake-temp\server\pknodeserver\pknodeserver.dir\relwithdebinfo\enumproc.obj
d:\work_xing\project\eview-server\cmake-temp\server\pknodeserver\pknodeserver.dir\relwithdebinfo\byteorder.obj
d:\work_xing\project\eview-server\cmake-temp\server\pknodeserver\pknodeserver.dir\relwithdebinfo\tagprocesstask.obj
d:\work_xing\project\eview-server\cmake-temp\server\pknodeserver\pknodeserver.dir\relwithdebinfo\simtaghandler.obj
d:\work_xing\project\eview-server\cmake-temp\server\pknodeserver\pknodeserver.dir\relwithdebinfo\eaprocessor.obj
d:\work_xing\project\eview-server\cmake-temp\server\pknodeserver\pknodeserver.dir\relwithdebinfo\predeftaghandler.obj
d:\work_xing\project\eview-server\cmake-temp\server\pknodeserver\pknodeserver.dir\relwithdebinfo\memtaghandler.obj
d:\work_xing\project\eview-server\cmake-temp\server\pknodeserver\pknodeserver.dir\relwithdebinfo\ctrlproctask.obj
d:\work_xing\project\eview-server\cmake-temp\server\pknodeserver\pknodeserver.dir\relwithdebinfo\nodecommondef.obj
d:\work_xing\project\eview-server\cmake-temp\server\pknodeserver\pknodeserver.dir\relwithdebinfo\dataproctask.obj
d:\work_xing\project\eview-server\cmake-temp\server\pknodeserver\pknodeserver.dir\relwithdebinfo\vc120.pdb
d:\work_xing\project\eview-server\cmake-temp\server\pknodeserver\cmakefiles\generate.stamp
c:\eview-server\bin\pknodeserver.ilk
c:\eview-server\bin\pknodeserver.exe
d:\work_xing\project\eview-server\bin\pknodeserver.pdb
d:\work_xing\project\eview-server\cmake-temp\server\pknodeserver\pknodeserver.dir\relwithdebinfo\version.res
d:\work_xing\project\eview-server\cmake-temp\server\pknodeserver\pknodeserver.dir\relwithdebinfo\pknodeserver.tlog\cl.command.1.tlog
d:\work_xing\project\eview-server\cmake-temp\server\pknodeserver\pknodeserver.dir\relwithdebinfo\pknodeserver.tlog\cl.read.1.tlog
d:\work_xing\project\eview-server\cmake-temp\server\pknodeserver\pknodeserver.dir\relwithdebinfo\pknodeserver.tlog\cl.write.1.tlog
d:\work_xing\project\eview-server\cmake-temp\server\pknodeserver\pknodeserver.dir\relwithdebinfo\pknodeserver.tlog\custombuild.command.1.tlog
d:\work_xing\project\eview-server\cmake-temp\server\pknodeserver\pknodeserver.dir\relwithdebinfo\pknodeserver.tlog\custombuild.read.1.tlog
d:\work_xing\project\eview-server\cmake-temp\server\pknodeserver\pknodeserver.dir\relwithdebinfo\pknodeserver.tlog\custombuild.write.1.tlog
d:\work_xing\project\eview-server\cmake-temp\server\pknodeserver\pknodeserver.dir\relwithdebinfo\pknodeserver.tlog\link.command.1.tlog
d:\work_xing\project\eview-server\cmake-temp\server\pknodeserver\pknodeserver.dir\relwithdebinfo\pknodeserver.tlog\link.read.1.tlog
d:\work_xing\project\eview-server\cmake-temp\server\pknodeserver\pknodeserver.dir\relwithdebinfo\pknodeserver.tlog\link.write.1.tlog
d:\work_xing\project\eview-server\cmake-temp\server\pknodeserver\pknodeserver.dir\relwithdebinfo\pknodeserver.tlog\rc.command.1.tlog
d:\work_xing\project\eview-server\cmake-temp\server\pknodeserver\pknodeserver.dir\relwithdebinfo\pknodeserver.tlog\rc.read.1.tlog
d:\work_xing\project\eview-server\cmake-temp\server\pknodeserver\pknodeserver.dir\relwithdebinfo\pknodeserver.tlog\rc.write.1.tlog
